This is pdfTeX, Version 3.1415926-2.5-1.40.14 (MiKTeX 2.9 64-bit) (preloaded format=pdftex 2014.5.11)  11 MAY 2014 18:38
entering extended mode
**C:/Users/Thiago/Desktop/Artigo/referencia2.bib
(C:/Users/Thiago/Desktop/Artigo/referencia2.bib
Missing character: There is no √ in font cmr10!
Missing character: There is no Ä in font cmr10!
Missing character: There is no √ in font cmr10!
Missing character: There is no É in font cmr10!
Missing character: There is no √ in font cmr10!
Missing character: There is no î in font cmr10!
Missing character: There is no √ in font cmr10!
Missing character: There is no á in font cmr10!
Missing character: There is no √ in font cmr10!
Missing character: There is no É in font cmr10!
Missing character: There is no √ in font cmr10!
Missing character: There is no ö in font cmr10!
Missing character: There is no √ in font cmr10!
Missing character: There is no ç in font cmr10!
Missing character: There is no √ in font cmr10!
Missing character: There is no ß in font cmr10!
Missing character: There is no √ in font cmr10!
Missing character: There is no £ in font cmr10!
Missing character: There is no √ in font cmr10!
Missing character: There is no ß in font cmr10!
Missing character: There is no √ in font cmr10!
Missing character: There is no £ in font cmr10!
Missing character: There is no √ in font cmr10!
Missing character: There is no ß in font cmr10!
Missing character: There is no √ in font cmr10!
Missing character: There is no £ in font cmr10!
Missing character: There is no √ in font cmr10!
Missing character: There is no ß in font cmr10!
Missing character: There is no √ in font cmr10!
Missing character: There is no ß in font cmr10!
Missing character: There is no √ in font cmr10!
Missing character: There is no ≠ in font cmr10!
Missing character: There is no √ in font cmr10!
Missing character: There is no ß in font cmr10!
Missing character: There is no √ in font cmr10!
Missing character: There is no ° in font cmr10!
Missing character: There is no √ in font cmr10!
Missing character: There is no ß in font cmr10!
Missing character: There is no √ in font cmr10!
Missing character: There is no ß in font cmr10!
Missing character: There is no √ in font cmr10!
Missing character: There is no ° in font cmr10!
Missing character: There is no √ in font cmr10!
Missing character: There is no ° in font cmr10!
Missing character: There is no √ in font cmr10!
Missing character: There is no â in font cmr10!
Missing character: There is no √ in font cmr10!
Missing character: There is no á in font cmr10!
Missing character: There is no √ in font cmr10!
Missing character: There is no É in font cmr10!
Missing character: There is no √ in font cmr10!
Missing character: There is no á in font cmr10!
Missing character: There is no √ in font cmr10!
Missing character: There is no É in font cmr10!
Missing character: There is no √ in font cmr10!
Missing character: There is no â in font cmr10!
Missing character: There is no √ in font cmr10!
Missing character: There is no ∫ in font cmr10!
Missing character: There is no √ in font cmr10!
Missing character: There is no ß in font cmr10!
Missing character: There is no √ in font cmr10!
Missing character: There is no £ in font cmr10!
)
*
! Emergency stop.
<*> C:/Users/Thiago/Desktop/Artigo/referencia2.bib
                                                  
End of file on the terminal!

!  ==> Fatal error occurred, no output PDF file produced!
